Arguments: 
  /usr/local/bin/node /usr/local/bin/yarn start

PATH: 
  /usr/local/bin:/usr/bin:/bin:/usr/sbin:/sbin:/usr/local/MacGPG2/bin

Yarn version: 
  1.5.1

Node version: 
  9.8.0

Platform: 
  darwin x64

npm manifest: 
  {
    "name": "ls",
    "version": "1.0.0",
    "description": "Mongoose",
    "main": "server.js",
    "scripts": {
      "test": "echo \"Error: no test specified\" && exit 1"
    },
    "repository": {
      "type": "git",
      "url": "git+https://github.com/tak009/MongooseProject.git"
    },
    "author": "Nalut (Tak) Sangtakraw",
    "license": "ISC",
    "bugs": {
      "url": "https://github.com/tak009/MongooseProject/issues"
    },
    "homepage": "https://github.com/tak009/MongooseProject#readme",
    "dependencies": {
      "axios": "^0.18.0",
      "body-parser": "^1.18.2",
      "cheerio": "^1.0.0-rc.2",
      "express": "^4.16.3",
      "express-handlebars": "^3.0.0",
      "mongoose": "^5.0.12",
      "request": "^2.85.0"
    }
  }

yarn manifest: 
  No manifest

Lockfile: 
  No lockfile

Trace: 
  Error: Command failed.
  Exit code: 1
  Command: sh
  Arguments: -c node server.js
  Directory: /Users/ns/Documents/Bootcamp/HW/MongooseProject
  Output:
  
      at ProcessTermError.MessageError (/usr/local/lib/node_modules/yarn/lib/cli.js:186:110)
      at new ProcessTermError (/usr/local/lib/node_modules/yarn/lib/cli.js:226:113)
      at ChildProcess.<anonymous> (/usr/local/lib/node_modules/yarn/lib/cli.js:30281:17)
      at ChildProcess.emit (events.js:180:13)
      at maybeClose (internal/child_process.js:936:16)
      at Process.ChildProcess._handle.onexit (internal/child_process.js:220:5)
